c:\users\s182031\documents\visual studio 2015\projects\fastfood\lunchboxmaker\debug\basescene.obj
c:\users\s182031\documents\visual studio 2015\projects\fastfood\lunchboxmaker\debug\binaryfile.obj
c:\users\s182031\documents\visual studio 2015\projects\fastfood\lunchboxmaker\debug\box.obj
c:\users\s182031\documents\visual studio 2015\projects\fastfood\lunchboxmaker\debug\boxcollider.obj
c:\users\s182031\documents\visual studio 2015\projects\fastfood\lunchboxmaker\debug\bullet.obj
c:\users\s182031\documents\visual studio 2015\projects\fastfood\lunchboxmaker\debug\capsulecollider.obj
c:\users\s182031\documents\visual studio 2015\projects\fastfood\lunchboxmaker\debug\collider.obj
c:\users\s182031\documents\visual studio 2015\projects\fastfood\lunchboxmaker\debug\collisionmanager.obj
c:\users\s182031\documents\visual studio 2015\projects\fastfood\lunchboxmaker\debug\deviceresources.obj
c:\users\s182031\documents\visual studio 2015\projects\fastfood\lunchboxmaker\debug\fixcamera.obj
c:\users\s182031\documents\visual studio 2015\projects\fastfood\lunchboxmaker\debug\followcomera.obj
c:\users\s182031\documents\visual studio 2015\projects\fastfood\lunchboxmaker\debug\game.obj
c:\users\s182031\documents\visual studio 2015\projects\fastfood\lunchboxmaker\debug\gameobject.obj
c:\users\s182031\documents\visual studio 2015\projects\fastfood\lunchboxmaker\debug\gameobjectmanager.obj
c:\users\s182031\documents\visual studio 2015\projects\fastfood\lunchboxmaker\debug\gridfloor.obj
c:\users\s182031\documents\visual studio 2015\projects\fastfood\lunchboxmaker\debug\logoscene.obj
c:\users\s182031\documents\visual studio 2015\projects\fastfood\lunchboxmaker\debug\main.obj
c:\users\s182031\documents\visual studio 2015\projects\fastfood\lunchboxmaker\debug\pch.obj
c:\users\s182031\documents\visual studio 2015\projects\fastfood\lunchboxmaker\debug\player.obj
c:\users\s182031\documents\visual studio 2015\projects\fastfood\lunchboxmaker\debug\playscene.obj
c:\users\s182031\documents\visual studio 2015\projects\fastfood\lunchboxmaker\debug\resultscene.obj
c:\users\s182031\documents\visual studio 2015\projects\fastfood\lunchboxmaker\debug\scenemanager.obj
c:\users\s182031\documents\visual studio 2015\projects\fastfood\lunchboxmaker\debug\spherecollider.obj
c:\users\s182031\documents\visual studio 2015\projects\fastfood\lunchboxmaker\debug\titlescene.obj
c:\users\s182031\documents\visual studio 2015\projects\fastfood\lunchboxmaker\debug\lunchboxmaker.exe.embed.manifest
c:\users\s182031\documents\visual studio 2015\projects\fastfood\lunchboxmaker\debug\icon.res
c:\users\s182031\documents\visual studio 2015\projects\fastfood\lunchboxmaker\debug\lunchboxmaker.exe.embed.manifest.res
c:\users\s182031\documents\visual studio 2015\projects\fastfood\lunchboxmaker\debug\lunchboxmaker.pch
c:\users\s182031\documents\visual studio 2015\projects\fastfood\lunchboxmaker\debug\vc140.idb
c:\users\s182031\documents\visual studio 2015\projects\fastfood\lunchboxmaker\debug\vc140.pdb
c:\users\s182031\documents\visual studio 2015\projects\fastfood\lunchboxmaker\debug\lunchboxmaker_manifest.rc
