c:\users\s182031\documents\visual studio 2015\projects\lunchboxmaker\lunchboxmaker\debug\lunchboxmaker.pch
c:\users\s182031\documents\visual studio 2015\projects\lunchboxmaker\lunchboxmaker\debug\vc140.pdb
c:\users\s182031\documents\visual studio 2015\projects\lunchboxmaker\lunchboxmaker\debug\vc140.idb
c:\users\s182031\documents\visual studio 2015\projects\lunchboxmaker\lunchboxmaker\debug\pch.obj
c:\users\s182031\documents\visual studio 2015\projects\lunchboxmaker\lunchboxmaker\debug\capsulecollider.obj
c:\users\s182031\documents\visual studio 2015\projects\lunchboxmaker\lunchboxmaker\debug\collider.obj
c:\users\s182031\documents\visual studio 2015\projects\lunchboxmaker\lunchboxmaker\debug\collisionmanager.obj
c:\users\s182031\documents\visual studio 2015\projects\lunchboxmaker\lunchboxmaker\debug\spherecollider.obj
c:\users\s182031\documents\visual studio 2015\projects\lunchboxmaker\lunchboxmaker\debug\fixcamera.obj
c:\users\s182031\documents\visual studio 2015\projects\lunchboxmaker\lunchboxmaker\debug\followcomera.obj
c:\users\s182031\documents\visual studio 2015\projects\lunchboxmaker\lunchboxmaker\debug\gridfloor.obj
c:\users\s182031\documents\visual studio 2015\projects\lunchboxmaker\lunchboxmaker\debug\box.obj
c:\users\s182031\documents\visual studio 2015\projects\lunchboxmaker\lunchboxmaker\debug\gameobject.obj
c:\users\s182031\documents\visual studio 2015\projects\lunchboxmaker\lunchboxmaker\debug\gameobjectmanager.obj
c:\users\s182031\documents\visual studio 2015\projects\lunchboxmaker\lunchboxmaker\debug\basescene.obj
c:\users\s182031\documents\visual studio 2015\projects\lunchboxmaker\lunchboxmaker\debug\logoscene.obj
c:\users\s182031\documents\visual studio 2015\projects\lunchboxmaker\lunchboxmaker\debug\playscene.obj
c:\users\s182031\documents\visual studio 2015\projects\lunchboxmaker\lunchboxmaker\debug\resultscene.obj
c:\users\s182031\documents\visual studio 2015\projects\lunchboxmaker\lunchboxmaker\debug\scenemanager.obj
c:\users\s182031\documents\visual studio 2015\projects\lunchboxmaker\lunchboxmaker\debug\titlescene.obj
c:\users\s182031\documents\visual studio 2015\projects\lunchboxmaker\lunchboxmaker\debug\main.obj
c:\users\s182031\documents\visual studio 2015\projects\lunchboxmaker\lunchboxmaker\debug\game.obj
c:\users\s182031\documents\visual studio 2015\projects\lunchboxmaker\lunchboxmaker\debug\binaryfile.obj
c:\users\s182031\documents\visual studio 2015\projects\lunchboxmaker\lunchboxmaker\debug\deviceresources.obj
c:\users\s182031\documents\visual studio 2015\projects\lunchboxmaker\lunchboxmaker\debug\boxcollider.obj
c:\users\s182031\documents\visual studio 2015\projects\lunchboxmaker\lunchboxmaker\resources\shaders\particlevs.cso
c:\users\s182031\documents\visual studio 2015\projects\lunchboxmaker\lunchboxmaker\resources\shaders\particleps.cso
c:\users\s182031\documents\visual studio 2015\projects\lunchboxmaker\lunchboxmaker\resources\shaders\particlegs.cso
c:\users\s182031\documents\visual studio 2015\projects\lunchboxmaker\debug\lunchboxmaker.ilk
c:\users\s182031\documents\visual studio 2015\projects\lunchboxmaker\debug\lunchboxmaker.exe
c:\users\s182031\documents\visual studio 2015\projects\lunchboxmaker\debug\lunchboxmaker.pdb
c:\users\s182031\documents\visual studio 2015\projects\lunchboxmaker\debug\lunchboxmaker.lib
c:\users\s182031\documents\visual studio 2015\projects\lunchboxmaker\debug\lunchboxmaker.exp
c:\users\s182031\documents\visual studio 2015\projects\lunchboxmaker\lunchboxmaker\resources\models\woodenbox.cmo
c:\users\s182031\documents\visual studio 2015\projects\lunchboxmaker\lunchboxmaker\resources\models\_program files (x86)_microsoft visual studio 14.0_common7_ide_extensions_microsoft_vsgraphics_assets_effects_phong.dgsl.cso
c:\users\s182031\documents\visual studio 2015\projects\lunchboxmaker\lunchboxmaker\debug\icon.res
c:\users\s182031\documents\visual studio 2015\projects\lunchboxmaker\lunchboxmaker\debug\lunchboxmaker.exe.embed.manifest.res
c:\users\s182031\documents\visual studio 2015\projects\lunchboxmaker\lunchboxmaker\debug\lunchboxmaker.exe.embed.manifest
c:\users\s182031\documents\visual studio 2015\projects\lunchboxmaker\lunchboxmaker\debug\lunchboxmaker_manifest.rc
c:\users\s182031\documents\visual studio 2015\projects\lunchboxmaker\lunchboxmaker\debug\lunchboxmaker.tlog\cl.command.1.tlog
c:\users\s182031\documents\visual studio 2015\projects\lunchboxmaker\lunchboxmaker\debug\lunchboxmaker.tlog\cl.read.1.tlog
c:\users\s182031\documents\visual studio 2015\projects\lunchboxmaker\lunchboxmaker\debug\lunchboxmaker.tlog\cl.write.1.tlog
c:\users\s182031\documents\visual studio 2015\projects\lunchboxmaker\lunchboxmaker\debug\lunchboxmaker.tlog\fxc.11376.read.1.tlog
c:\users\s182031\documents\visual studio 2015\projects\lunchboxmaker\lunchboxmaker\debug\lunchboxmaker.tlog\fxc.11376.write.1.tlog
c:\users\s182031\documents\visual studio 2015\projects\lunchboxmaker\lunchboxmaker\debug\lunchboxmaker.tlog\fxc.11816.read.1.tlog
c:\users\s182031\documents\visual studio 2015\projects\lunchboxmaker\lunchboxmaker\debug\lunchboxmaker.tlog\fxc.11816.write.1.tlog
c:\users\s182031\documents\visual studio 2015\projects\lunchboxmaker\lunchboxmaker\debug\lunchboxmaker.tlog\fxc.13072.read.1.tlog
c:\users\s182031\documents\visual studio 2015\projects\lunchboxmaker\lunchboxmaker\debug\lunchboxmaker.tlog\fxc.13072.write.1.tlog
c:\users\s182031\documents\visual studio 2015\projects\lunchboxmaker\lunchboxmaker\debug\lunchboxmaker.tlog\fxc.13408.read.1.tlog
c:\users\s182031\documents\visual studio 2015\projects\lunchboxmaker\lunchboxmaker\debug\lunchboxmaker.tlog\fxc.13408.write.1.tlog
c:\users\s182031\documents\visual studio 2015\projects\lunchboxmaker\lunchboxmaker\debug\lunchboxmaker.tlog\fxc.15364.read.1.tlog
c:\users\s182031\documents\visual studio 2015\projects\lunchboxmaker\lunchboxmaker\debug\lunchboxmaker.tlog\fxc.15364.write.1.tlog
c:\users\s182031\documents\visual studio 2015\projects\lunchboxmaker\lunchboxmaker\debug\lunchboxmaker.tlog\fxc.17736.read.1.tlog
c:\users\s182031\documents\visual studio 2015\projects\lunchboxmaker\lunchboxmaker\debug\lunchboxmaker.tlog\fxc.17736.write.1.tlog
c:\users\s182031\documents\visual studio 2015\projects\lunchboxmaker\lunchboxmaker\debug\lunchboxmaker.tlog\fxc.17936.read.1.tlog
c:\users\s182031\documents\visual studio 2015\projects\lunchboxmaker\lunchboxmaker\debug\lunchboxmaker.tlog\fxc.17936.write.1.tlog
c:\users\s182031\documents\visual studio 2015\projects\lunchboxmaker\lunchboxmaker\debug\lunchboxmaker.tlog\fxc.2180.read.1.tlog
c:\users\s182031\documents\visual studio 2015\projects\lunchboxmaker\lunchboxmaker\debug\lunchboxmaker.tlog\fxc.2180.write.1.tlog
c:\users\s182031\documents\visual studio 2015\projects\lunchboxmaker\lunchboxmaker\debug\lunchboxmaker.tlog\fxc.30268.read.1.tlog
c:\users\s182031\documents\visual studio 2015\projects\lunchboxmaker\lunchboxmaker\debug\lunchboxmaker.tlog\fxc.30268.write.1.tlog
c:\users\s182031\documents\visual studio 2015\projects\lunchboxmaker\lunchboxmaker\debug\lunchboxmaker.tlog\fxc.36840.read.1.tlog
c:\users\s182031\documents\visual studio 2015\projects\lunchboxmaker\lunchboxmaker\debug\lunchboxmaker.tlog\fxc.36840.write.1.tlog
c:\users\s182031\documents\visual studio 2015\projects\lunchboxmaker\lunchboxmaker\debug\lunchboxmaker.tlog\fxc.408.read.1.tlog
c:\users\s182031\documents\visual studio 2015\projects\lunchboxmaker\lunchboxmaker\debug\lunchboxmaker.tlog\fxc.408.write.1.tlog
c:\users\s182031\documents\visual studio 2015\projects\lunchboxmaker\lunchboxmaker\debug\lunchboxmaker.tlog\fxc.5148.read.1.tlog
c:\users\s182031\documents\visual studio 2015\projects\lunchboxmaker\lunchboxmaker\debug\lunchboxmaker.tlog\fxc.5148.write.1.tlog
c:\users\s182031\documents\visual studio 2015\projects\lunchboxmaker\lunchboxmaker\debug\lunchboxmaker.tlog\fxc.51532.read.1.tlog
c:\users\s182031\documents\visual studio 2015\projects\lunchboxmaker\lunchboxmaker\debug\lunchboxmaker.tlog\fxc.51532.write.1.tlog
c:\users\s182031\documents\visual studio 2015\projects\lunchboxmaker\lunchboxmaker\debug\lunchboxmaker.tlog\fxc.5400.read.1.tlog
c:\users\s182031\documents\visual studio 2015\projects\lunchboxmaker\lunchboxmaker\debug\lunchboxmaker.tlog\fxc.5400.write.1.tlog
c:\users\s182031\documents\visual studio 2015\projects\lunchboxmaker\lunchboxmaker\debug\lunchboxmaker.tlog\fxc.6812.read.1.tlog
c:\users\s182031\documents\visual studio 2015\projects\lunchboxmaker\lunchboxmaker\debug\lunchboxmaker.tlog\fxc.6812.write.1.tlog
c:\users\s182031\documents\visual studio 2015\projects\lunchboxmaker\lunchboxmaker\debug\lunchboxmaker.tlog\fxc.7324.read.1.tlog
c:\users\s182031\documents\visual studio 2015\projects\lunchboxmaker\lunchboxmaker\debug\lunchboxmaker.tlog\fxc.7324.write.1.tlog
c:\users\s182031\documents\visual studio 2015\projects\lunchboxmaker\lunchboxmaker\debug\lunchboxmaker.tlog\fxc.8068.read.1.tlog
c:\users\s182031\documents\visual studio 2015\projects\lunchboxmaker\lunchboxmaker\debug\lunchboxmaker.tlog\fxc.8068.write.1.tlog
c:\users\s182031\documents\visual studio 2015\projects\lunchboxmaker\lunchboxmaker\debug\lunchboxmaker.tlog\fxc.8472.read.1.tlog
c:\users\s182031\documents\visual studio 2015\projects\lunchboxmaker\lunchboxmaker\debug\lunchboxmaker.tlog\fxc.8472.write.1.tlog
c:\users\s182031\documents\visual studio 2015\projects\lunchboxmaker\lunchboxmaker\debug\lunchboxmaker.tlog\fxc.8644.read.1.tlog
c:\users\s182031\documents\visual studio 2015\projects\lunchboxmaker\lunchboxmaker\debug\lunchboxmaker.tlog\fxc.8644.write.1.tlog
c:\users\s182031\documents\visual studio 2015\projects\lunchboxmaker\lunchboxmaker\debug\lunchboxmaker.tlog\fxc.command.1.tlog
c:\users\s182031\documents\visual studio 2015\projects\lunchboxmaker\lunchboxmaker\debug\lunchboxmaker.tlog\fxc.read.1.tlog
c:\users\s182031\documents\visual studio 2015\projects\lunchboxmaker\lunchboxmaker\debug\lunchboxmaker.tlog\fxc.write.1.tlog
c:\users\s182031\documents\visual studio 2015\projects\lunchboxmaker\lunchboxmaker\debug\lunchboxmaker.tlog\link.command.1.tlog
c:\users\s182031\documents\visual studio 2015\projects\lunchboxmaker\lunchboxmaker\debug\lunchboxmaker.tlog\link.read.1.tlog
c:\users\s182031\documents\visual studio 2015\projects\lunchboxmaker\lunchboxmaker\debug\lunchboxmaker.tlog\link.write.1.tlog
c:\users\s182031\documents\visual studio 2015\projects\lunchboxmaker\lunchboxmaker\debug\lunchboxmaker.tlog\lunchboxmaker.write.1u.tlog
c:\users\s182031\documents\visual studio 2015\projects\lunchboxmaker\lunchboxmaker\debug\lunchboxmaker.tlog\meshcontenttask-vsgraphics.read.1.tlog
c:\users\s182031\documents\visual studio 2015\projects\lunchboxmaker\lunchboxmaker\debug\lunchboxmaker.tlog\meshcontenttask-vsgraphics.read.3.tlog
c:\users\s182031\documents\visual studio 2015\projects\lunchboxmaker\lunchboxmaker\debug\lunchboxmaker.tlog\meshcontenttask-vsgraphics.write.1.tlog
c:\users\s182031\documents\visual studio 2015\projects\lunchboxmaker\lunchboxmaker\debug\lunchboxmaker.tlog\meshcontenttask-vsgraphics.write.3.tlog
c:\users\s182031\documents\visual studio 2015\projects\lunchboxmaker\lunchboxmaker\debug\lunchboxmaker.tlog\rc.10252.read.1.tlog
c:\users\s182031\documents\visual studio 2015\projects\lunchboxmaker\lunchboxmaker\debug\lunchboxmaker.tlog\rc.10252.write.1.tlog
c:\users\s182031\documents\visual studio 2015\projects\lunchboxmaker\lunchboxmaker\debug\lunchboxmaker.tlog\rc.11356.read.1.tlog
c:\users\s182031\documents\visual studio 2015\projects\lunchboxmaker\lunchboxmaker\debug\lunchboxmaker.tlog\rc.11356.write.1.tlog
c:\users\s182031\documents\visual studio 2015\projects\lunchboxmaker\lunchboxmaker\debug\lunchboxmaker.tlog\rc.12732.read.1.tlog
c:\users\s182031\documents\visual studio 2015\projects\lunchboxmaker\lunchboxmaker\debug\lunchboxmaker.tlog\rc.12732.write.1.tlog
c:\users\s182031\documents\visual studio 2015\projects\lunchboxmaker\lunchboxmaker\debug\lunchboxmaker.tlog\rc.13760.read.1.tlog
c:\users\s182031\documents\visual studio 2015\projects\lunchboxmaker\lunchboxmaker\debug\lunchboxmaker.tlog\rc.13760.write.1.tlog
c:\users\s182031\documents\visual studio 2015\projects\lunchboxmaker\lunchboxmaker\debug\lunchboxmaker.tlog\rc.15568.read.1.tlog
c:\users\s182031\documents\visual studio 2015\projects\lunchboxmaker\lunchboxmaker\debug\lunchboxmaker.tlog\rc.15568.write.1.tlog
c:\users\s182031\documents\visual studio 2015\projects\lunchboxmaker\lunchboxmaker\debug\lunchboxmaker.tlog\rc.16684.read.1.tlog
c:\users\s182031\documents\visual studio 2015\projects\lunchboxmaker\lunchboxmaker\debug\lunchboxmaker.tlog\rc.16684.write.1.tlog
c:\users\s182031\documents\visual studio 2015\projects\lunchboxmaker\lunchboxmaker\debug\lunchboxmaker.tlog\rc.16816.read.1.tlog
c:\users\s182031\documents\visual studio 2015\projects\lunchboxmaker\lunchboxmaker\debug\lunchboxmaker.tlog\rc.16816.write.1.tlog
c:\users\s182031\documents\visual studio 2015\projects\lunchboxmaker\lunchboxmaker\debug\lunchboxmaker.tlog\rc.17228.read.1.tlog
c:\users\s182031\documents\visual studio 2015\projects\lunchboxmaker\lunchboxmaker\debug\lunchboxmaker.tlog\rc.17228.write.1.tlog
c:\users\s182031\documents\visual studio 2015\projects\lunchboxmaker\lunchboxmaker\debug\lunchboxmaker.tlog\rc.17368.read.1.tlog
c:\users\s182031\documents\visual studio 2015\projects\lunchboxmaker\lunchboxmaker\debug\lunchboxmaker.tlog\rc.17368.write.1.tlog
c:\users\s182031\documents\visual studio 2015\projects\lunchboxmaker\lunchboxmaker\debug\lunchboxmaker.tlog\rc.232.read.1.tlog
c:\users\s182031\documents\visual studio 2015\projects\lunchboxmaker\lunchboxmaker\debug\lunchboxmaker.tlog\rc.232.write.1.tlog
c:\users\s182031\documents\visual studio 2015\projects\lunchboxmaker\lunchboxmaker\debug\lunchboxmaker.tlog\rc.25792.read.1.tlog
c:\users\s182031\documents\visual studio 2015\projects\lunchboxmaker\lunchboxmaker\debug\lunchboxmaker.tlog\rc.25792.write.1.tlog
c:\users\s182031\documents\visual studio 2015\projects\lunchboxmaker\lunchboxmaker\debug\lunchboxmaker.tlog\rc.30308.read.1.tlog
c:\users\s182031\documents\visual studio 2015\projects\lunchboxmaker\lunchboxmaker\debug\lunchboxmaker.tlog\rc.30308.write.1.tlog
c:\users\s182031\documents\visual studio 2015\projects\lunchboxmaker\lunchboxmaker\debug\lunchboxmaker.tlog\rc.3840.read.1.tlog
c:\users\s182031\documents\visual studio 2015\projects\lunchboxmaker\lunchboxmaker\debug\lunchboxmaker.tlog\rc.3840.write.1.tlog
c:\users\s182031\documents\visual studio 2015\projects\lunchboxmaker\lunchboxmaker\debug\lunchboxmaker.tlog\rc.5224.read.1.tlog
c:\users\s182031\documents\visual studio 2015\projects\lunchboxmaker\lunchboxmaker\debug\lunchboxmaker.tlog\rc.5224.write.1.tlog
c:\users\s182031\documents\visual studio 2015\projects\lunchboxmaker\lunchboxmaker\debug\lunchboxmaker.tlog\rc.7520.read.1.tlog
c:\users\s182031\documents\visual studio 2015\projects\lunchboxmaker\lunchboxmaker\debug\lunchboxmaker.tlog\rc.7520.write.1.tlog
c:\users\s182031\documents\visual studio 2015\projects\lunchboxmaker\lunchboxmaker\debug\lunchboxmaker.tlog\rc.8832.read.1.tlog
c:\users\s182031\documents\visual studio 2015\projects\lunchboxmaker\lunchboxmaker\debug\lunchboxmaker.tlog\rc.8832.write.1.tlog
c:\users\s182031\documents\visual studio 2015\projects\lunchboxmaker\lunchboxmaker\debug\lunchboxmaker.tlog\rc.8872.read.1.tlog
c:\users\s182031\documents\visual studio 2015\projects\lunchboxmaker\lunchboxmaker\debug\lunchboxmaker.tlog\rc.8872.write.1.tlog
c:\users\s182031\documents\visual studio 2015\projects\lunchboxmaker\lunchboxmaker\debug\lunchboxmaker.tlog\rc.9524.read.1.tlog
c:\users\s182031\documents\visual studio 2015\projects\lunchboxmaker\lunchboxmaker\debug\lunchboxmaker.tlog\rc.9524.write.1.tlog
c:\users\s182031\documents\visual studio 2015\projects\lunchboxmaker\lunchboxmaker\debug\lunchboxmaker.tlog\rc.command.1.tlog
c:\users\s182031\documents\visual studio 2015\projects\lunchboxmaker\lunchboxmaker\debug\lunchboxmaker.tlog\rc.read.1.tlog
c:\users\s182031\documents\visual studio 2015\projects\lunchboxmaker\lunchboxmaker\debug\lunchboxmaker.tlog\rc.write.1.tlog
